Build started 11/7/2014 4:41:58 PM.
     1>Project "C:\Documents and Settings\Song Tang\My Documents\Visual Studio 2010\Projects\ExcelDriver\ExcelDriver\ExcelDriver.vcxproj" on node 2 (build target(s)).
     1>InitializeBuildStatus:
         Creating "Debug\ExcelDriver.unsuccessfulbuild" because "AlwaysCreate" was specified.
       ClCompile:
         All outputs are up-to-date.
         c:\Program Files\Microsoft Visual Studio 10.0\VC\bin\CL.exe /c /ZI /nologo /W3 /WX- /Od /Oy- /D WIN32 /D _DEBUG /D _CONSOLE /D _UNICODE /D UNICODE /Gm /EHsc /RTC1 /MDd /GS /fp:precise /Zc:wchar_t /Zc:forScope /Yu"StdAfx.h" /Fp"Debug\ExcelDriver.pch" /Fo"Debug\\" /Fd"Debug\vc100.pdb" /Gd /TP /analyze- /errorReport:prompt ExcelDriver.cpp
         ExcelDriver.cpp
       ManifestResourceCompile:
         All outputs are up-to-date.
       Link:
         c:\Program Files\Microsoft Visual Studio 10.0\VC\bin\link.exe /ERRORREPORT:PROMPT /OUT:"C:\Documents and Settings\Song Tang\My Documents\Visual Studio 2010\Projects\ExcelDriver\Debug\ExcelDriver.exe" /INCREMENTAL /NOLOGO kernel32.lib user32.lib gdi32.lib winspool.lib comdlg32.lib advapi32.lib shell32.lib ole32.lib oleaut32.lib uuid.lib odbc32.lib odbccp32.lib /MANIFEST /ManifestFile:"Debug\ExcelDriver.exe.intermediate.manifest" /MANIFESTUAC:"level='asInvoker' uiAccess='false'" /DEBUG /PDB:"C:\Documents and Settings\Song Tang\My Documents\Visual Studio 2010\Projects\ExcelDriver\Debug\ExcelDriver.pdb" /SUBSYSTEM:CONSOLE /TLBID:1 /DYNAMICBASE /NXCOMPAT /IMPLIB:"C:\Documents and Settings\Song Tang\My Documents\Visual Studio 2010\Projects\ExcelDriver\Debug\ExcelDriver.lib" /MACHINE:X86 Debug\ExcelDriver.exe.embed.manifest.res
         Debug\StringConversions.obj
         Debug\ExcelDriver.obj
         Debug\ExcelImports.obj
         Debug\ExcelMechanisms.obj
         Debug\DatasimException.obj
         Debug\stdafx.obj
         Debug\TestMatrixExcel.obj
       Manifest:
         C:\Program Files\Microsoft SDKs\Windows\v7.0A\bin\mt.exe /nologo /verbose /out:"Debug\ExcelDriver.exe.embed.manifest" /manifest Debug\ExcelDriver.exe.intermediate.manifest
         All outputs are up-to-date.
       LinkEmbedManifest:
         All outputs are up-to-date.
         ExcelDriver.vcxproj -> C:\Documents and Settings\Song Tang\My Documents\Visual Studio 2010\Projects\ExcelDriver\Debug\ExcelDriver.exe
       FinalizeBuildStatus:
         Deleting file "Debug\ExcelDriver.unsuccessfulbuild".
         Touching "Debug\ExcelDriver.lastbuildstate".
     1>Done Building Project "C:\Documents and Settings\Song Tang\My Documents\Visual Studio 2010\Projects\ExcelDriver\ExcelDriver\ExcelDriver.vcxproj" (build target(s)).

Build succeeded.

Time Elapsed 00:00:16.32
