C:\Documents and Settings\Song Tang\My Documents\Visual Studio 2010\Projects\OptionExcel\Debug\OptionExcel.pdb
C:\DOCUMENTS AND SETTINGS\SONG TANG\MY DOCUMENTS\VISUAL STUDIO 2010\PROJECTS\OPTIONEXCEL\OPTIONEXCEL\DEBUG\BASICOPTION.OBJ
C:\DOCUMENTS AND SETTINGS\SONG TANG\MY DOCUMENTS\VISUAL STUDIO 2010\PROJECTS\OPTIONEXCEL\OPTIONEXCEL\DEBUG\BASICOPTIONPRESENTATION.OBJ
C:\Documents and Settings\Song Tang\My Documents\Visual Studio 2010\Projects\OptionExcel\OptionExcel\Debug\cl.command.1.tlog
C:\Documents and Settings\Song Tang\My Documents\Visual Studio 2010\Projects\OptionExcel\OptionExcel\Debug\CL.read.1.tlog
C:\Documents and Settings\Song Tang\My Documents\Visual Studio 2010\Projects\OptionExcel\OptionExcel\Debug\CL.write.1.tlog
C:\DOCUMENTS AND SETTINGS\SONG TANG\MY DOCUMENTS\VISUAL STUDIO 2010\PROJECTS\OPTIONEXCEL\OPTIONEXCEL\DEBUG\DATASIMEXCEPTION.OBJ
C:\Documents and Settings\Song Tang\My Documents\Visual Studio 2010\Projects\OptionExcel\OptionExcel\Debug\excel.tlh
C:\Documents and Settings\Song Tang\My Documents\Visual Studio 2010\Projects\OptionExcel\OptionExcel\Debug\excel.tli
C:\DOCUMENTS AND SETTINGS\SONG TANG\MY DOCUMENTS\VISUAL STUDIO 2010\PROJECTS\OPTIONEXCEL\OPTIONEXCEL\DEBUG\EXCELDRIVER.OBJ
C:\DOCUMENTS AND SETTINGS\SONG TANG\MY DOCUMENTS\VISUAL STUDIO 2010\PROJECTS\OPTIONEXCEL\OPTIONEXCEL\DEBUG\EXCELIMPORTS.OBJ
C:\DOCUMENTS AND SETTINGS\SONG TANG\MY DOCUMENTS\VISUAL STUDIO 2010\PROJECTS\OPTIONEXCEL\OPTIONEXCEL\DEBUG\EXCELMECHANISMS.OBJ
C:\DOCUMENTS AND SETTINGS\SONG TANG\MY DOCUMENTS\VISUAL STUDIO 2010\PROJECTS\OPTIONEXCEL\OPTIONEXCEL\DEBUG\EXTENDEDOPTION.OBJ
C:\Documents and Settings\Song Tang\My Documents\Visual Studio 2010\Projects\OptionExcel\OptionExcel\Debug\link.command.1.tlog
C:\Documents and Settings\Song Tang\My Documents\Visual Studio 2010\Projects\OptionExcel\OptionExcel\Debug\link.read.1.tlog
C:\Documents and Settings\Song Tang\My Documents\Visual Studio 2010\Projects\OptionExcel\OptionExcel\Debug\link.write.1.tlog
C:\Documents and Settings\Song Tang\My Documents\Visual Studio 2010\Projects\OptionExcel\OptionExcel\Debug\link-cvtres.read.1.tlog
C:\Documents and Settings\Song Tang\My Documents\Visual Studio 2010\Projects\OptionExcel\OptionExcel\Debug\link-cvtres.write.1.tlog
C:\Documents and Settings\Song Tang\My Documents\Visual Studio 2010\Projects\OptionExcel\OptionExcel\Debug\mso.tlh
C:\Documents and Settings\Song Tang\My Documents\Visual Studio 2010\Projects\OptionExcel\OptionExcel\Debug\mso.tli
C:\Documents and Settings\Song Tang\My Documents\Visual Studio 2010\Projects\OptionExcel\OptionExcel\Debug\OptionExcel.exe.embed.manifest
C:\DOCUMENTS AND SETTINGS\SONG TANG\MY DOCUMENTS\VISUAL STUDIO 2010\PROJECTS\OPTIONEXCEL\OPTIONEXCEL\DEBUG\OPTIONEXCEL.EXE.EMBED.MANIFEST.RES
C:\Documents and Settings\Song Tang\My Documents\Visual Studio 2010\Projects\OptionExcel\OptionExcel\Debug\OptionExcel.exe.intermediate.manifest
C:\Documents and Settings\Song Tang\My Documents\Visual Studio 2010\Projects\OptionExcel\OptionExcel\Debug\OptionExcel_manifest.rc
C:\Documents and Settings\Song Tang\My Documents\Visual Studio 2010\Projects\OptionExcel\OptionExcel\Debug\rc.command.1.tlog
C:\Documents and Settings\Song Tang\My Documents\Visual Studio 2010\Projects\OptionExcel\OptionExcel\Debug\rc.read.1.tlog
C:\Documents and Settings\Song Tang\My Documents\Visual Studio 2010\Projects\OptionExcel\OptionExcel\Debug\rc.write.1.tlog
C:\DOCUMENTS AND SETTINGS\SONG TANG\MY DOCUMENTS\VISUAL STUDIO 2010\PROJECTS\OPTIONEXCEL\OPTIONEXCEL\DEBUG\STDAFX.OBJ
C:\DOCUMENTS AND SETTINGS\SONG TANG\MY DOCUMENTS\VISUAL STUDIO 2010\PROJECTS\OPTIONEXCEL\OPTIONEXCEL\DEBUG\STRINGCONVERSIONS.OBJ
C:\DOCUMENTS AND SETTINGS\SONG TANG\MY DOCUMENTS\VISUAL STUDIO 2010\PROJECTS\OPTIONEXCEL\OPTIONEXCEL\DEBUG\TESTBASICOPTIONPRESENTATION.OBJ
C:\Documents and Settings\Song Tang\My Documents\Visual Studio 2010\Projects\OptionExcel\OptionExcel\Debug\vbe6ext.tlh
C:\Documents and Settings\Song Tang\My Documents\Visual Studio 2010\Projects\OptionExcel\OptionExcel\Debug\vbe6ext.tli
C:\Documents and Settings\Song Tang\My Documents\Visual Studio 2010\Projects\OptionExcel\OptionExcel\Debug\vc100.idb
C:\DOCUMENTS AND SETTINGS\SONG TANG\MY DOCUMENTS\VISUAL STUDIO 2010\PROJECTS\OPTIONEXCEL\OPTIONEXCEL\DEBUG\VC100.PDB
